<?xml version="1.0" encoding="UTF-8"?>
<!-- Generated by org.testng.reporters.JUnitReportReporter -->
<testsuite hostname="LAPTOP-J9T0DEHG" failures="0" tests="2" name="sel_day29.dependency2" time="4.974" errors="0" timestamp="2025-08-21T16:38:10 IST" skipped="0">
  <testcase classname="sel_day29.dependency2" name="HealthSetup" time="4.727"/>
  <testcase classname="sel_day29.dependency2" name="Login" time="0.247"/>
</testsuite> <!-- sel_day29.dependency2 -->
