<?xml version="1.0" encoding="UTF-8"?>
<!-- Generated by org.testng.reporters.JUnitReportReporter -->
<testsuite hostname="LAPTOP-J9T0DEHG" failures="0" tests="3" name="sel_day28.Ecom" time="3.644" errors="0" timestamp="2025-08-20T16:43:29 IST" skipped="0">
  <testcase classname="sel_day28.Ecom" name="testCart" time="0.005"/>
  <testcase classname="sel_day28.Ecom" name="testSearch" time="3.626"/>
  <testcase classname="sel_day28.Ecom" name="testTitle" time="0.013"/>
</testsuite> <!-- sel_day28.Ecom -->
