<?xml version="1.0" encoding="UTF-8"?>
<!-- Generated by org.testng.reporters.JUnitReportReporter -->
<testsuite hostname="LAPTOP-J9T0DEHG" failures="0" tests="2" name="sel_day30.TestTransformer" time="0.011" errors="0" timestamp="2025-08-22T11:19:33 IST" skipped="0">
  <testcase classname="sel_day30.TestTransformer" name="testTransformer" time="0.001"/>
  <testcase classname="sel_day30.TestTransformer" name="testTransformer" time="0.010"/>
</testsuite> <!-- sel_day30.TestTransformer -->
