<?xml version="1.0" encoding="UTF-8"?>
<!-- Generated by org.testng.reporters.JUnitReportReporter -->
<testsuite hostname="LAPTOP-J9T0DEHG" failures="0" tests="1" name="sel_day28.CommandLineDemo" time="0.006" errors="0" timestamp="2025-08-20T12:45:56 IST" skipped="0">
  <testcase classname="sel_day28.CommandLineDemo" name="testApp" time="0.006"/>
</testsuite> <!-- sel_day28.CommandLineDemo -->
