<?xml version="1.0" encoding="UTF-8"?>
<!-- Generated by org.testng.reporters.JUnitReportReporter -->
<testsuite hostname="LAPTOP-J9T0DEHG" failures="0" tests="1" name="sel_day27.testng_demo" time="1.981" errors="0" timestamp="2025-08-19T12:16:43 IST" skipped="0">
  <testcase classname="sel_day27.testng_demo" name="testgoogleTitile" time="1.981"/>
</testsuite> <!-- sel_day27.testng_demo -->
