<?xml version="1.0" encoding="UTF-8"?>
<!-- Generated by org.testng.reporters.JUnitReportReporter -->
<testsuite hostname="LAPTOP-J9T0DEHG" failures="0" tests="5" name="runners.TestRunner" time="108.814" errors="0" timestamp="2025-09-06T10:37:38 IST" skipped="0">
  <testcase classname="runners.TestRunner" name="runScenario" time="41.222"/>
  <testcase classname="runners.TestRunner" name="runScenario" time="8.471"/>
  <testcase classname="runners.TestRunner" name="runScenario" time="46.408"/>
  <testcase classname="runners.TestRunner" name="runScenario" time="6.622"/>
  <testcase classname="runners.TestRunner" name="runScenario" time="6.091"/>
</testsuite> <!-- runners.TestRunner -->
